android/app/build/intermediates/manifest_merge_blame_file/release/manifest-merger-blame-release-report.txt
1<?xml version="1.0" encoding="utf-8"?>
2<manifest xmlns:android="http://schemas.android.com/apk/res/android"
3    package="com.dominex.arena"
4    android:versionCode="71"
5    android:versionName="9.6" >
6
7    <uses-sdk
8        android:minSdkVersion="21"
8-->src\main\AndroidManifest.xml
9        android:targetSdkVersion="34" />
9-->src\main\AndroidManifest.xml
10
11    <uses-permission android:name="android.permission.INTERNET" />
11-->src\main\AndroidManifest.xml:5:3-64
11-->src\main\AndroidManifest.xml:5:20-62
12    <uses-permission android:name="android.permission.ACCESS_NETWORK_STATE" />
12-->src\main\AndroidManifest.xml:6:3-76
12-->src\main\AndroidManifest.xml:6:20-74
13
14    <application
14-->src\main\AndroidManifest.xml:7:3-25:17
15        android:allowBackup="true"
15-->src\main\AndroidManifest.xml:9:5-31
16        android:hardwareAccelerated="true"
16-->src\main\AndroidManifest.xml:10:5-39
17        android:icon="@drawable/ic_launcher"
17-->src\main\AndroidManifest.xml:11:5-41
18        android:label="Ailurix Arena"
18-->src\main\AndroidManifest.xml:8:5-34
19        android:roundIcon="@drawable/ic_launcher_round"
19-->src\main\AndroidManifest.xml:12:9-56
20        android:theme="@android:style/Theme.NoTitleBar.Fullscreen" >
20-->src\main\AndroidManifest.xml:13:5-63
21        <activity
21-->src\main\AndroidManifest.xml:14:5-24:16
22            android:name="com.dominex.arena.MainActivity"
22-->src\main\AndroidManifest.xml:15:7-52
23            android:configChanges="orientation|screenSize|keyboardHidden"
23-->src\main\AndroidManifest.xml:18:7-68
24            android:exported="true"
24-->src\main\AndroidManifest.xml:16:7-30
25            android:screenOrientation="landscape"
25-->src\main\AndroidManifest.xml:17:7-44
26            android:windowSoftInputMode="adjustPan" >
26-->src\main\AndroidManifest.xml:19:7-46
27            <intent-filter>
27-->src\main\AndroidManifest.xml:20:7-23:23
28                <action android:name="android.intent.action.MAIN" />
28-->src\main\AndroidManifest.xml:21:9-60
28-->src\main\AndroidManifest.xml:21:17-58
29
30                <category android:name="android.intent.category.LAUNCHER" />
30-->src\main\AndroidManifest.xml:22:9-68
30-->src\main\AndroidManifest.xml:22:19-66
31            </intent-filter>
32        </activity>
33    </application>
34
35</manifest>